------------------------------
Wed Jan 10 2018 11:35:55 AM
GET /index.html
HEADERS=> {
  "host": "localhost:8222",
  "connection": "keep-alive",
  "pragma": "no-cache",
  "cache-control": "no-cache",
  "upgrade-insecure-requests": "1",
  "user-agent": "Mozilla/5.0 (Macintosh; Intel Mac OS X 10_11_6) AppleWebKit/537.36 (KHTML, like Gecko) Chrome/63.0.3239.132 Safari/537.36",
  "accept": "text/html,application/xhtml+xml,application/xml;q=0.9,image/webp,image/apng,*/*;q=0.8",
  "referer": "http://localhost:8222/login.html",
  "accept-encoding": "gzip, deflate, br",
  "accept-language": "en-US,en;q=0.9",
  "cookie": "sessionid=1515564173765 user=[object Object]"
}
COOKIES=> {
  "sessionid": "1515564173765 user"
}
BODY=> {}
------------------------------
Wed Jan 10 2018 11:35:55 AM
GET /css/master.css
HEADERS=> {
  "host": "localhost:8222",
  "connection": "keep-alive",
  "pragma": "no-cache",
  "cache-control": "no-cache",
  "user-agent": "Mozilla/5.0 (Macintosh; Intel Mac OS X 10_11_6) AppleWebKit/537.36 (KHTML, like Gecko) Chrome/63.0.3239.132 Safari/537.36",
  "accept": "text/css,*/*;q=0.1",
  "referer": "http://localhost:8222/index.html",
  "accept-encoding": "gzip, deflate, br",
  "accept-language": "en-US,en;q=0.9",
  "cookie": "sessionid=1515564173765 user=[object Object]"
}
COOKIES=> {
  "sessionid": "1515564173765 user"
}
BODY=> {}
------------------------------
Wed Jan 10 2018 11:35:55 AM
GET /freshorigins.jpg
HEADERS=> {
  "host": "localhost:8222",
  "connection": "keep-alive",
  "pragma": "no-cache",
  "cache-control": "no-cache",
  "user-agent": "Mozilla/5.0 (Macintosh; Intel Mac OS X 10_11_6) AppleWebKit/537.36 (KHTML, like Gecko) Chrome/63.0.3239.132 Safari/537.36",
  "accept": "image/webp,image/apng,image/*,*/*;q=0.8",
  "referer": "http://localhost:8222/index.html",
  "accept-encoding": "gzip, deflate, br",
  "accept-language": "en-US,en;q=0.9",
  "cookie": "sessionid=1515564173765 user=[object Object]"
}
COOKIES=> {
  "sessionid": "1515564173765 user"
}
BODY=> {}
------------------------------
Wed Jan 10 2018 11:45:09 AM
GET /logout.html
HEADERS=> {
  "host": "localhost:8222",
  "connection": "keep-alive",
  "user-agent": "Mozilla/5.0 (Macintosh; Intel Mac OS X 10_11_6) AppleWebKit/537.36 (KHTML, like Gecko) Chrome/63.0.3239.132 Safari/537.36",
  "upgrade-insecure-requests": "1",
  "accept": "text/html,application/xhtml+xml,application/xml;q=0.9,image/webp,image/apng,*/*;q=0.8",
  "accept-encoding": "gzip, deflate, br",
  "accept-language": "en-US,en;q=0.9",
  "cookie": "sessionid=1515564173765 user=[object Object]"
}
COOKIES=> {
  "sessionid": "1515564173765 user"
}
BODY=> {}
------------------------------
Wed Jan 10 2018 11:45:09 AM
GET /login.html
HEADERS=> {
  "host": "localhost:8222",
  "connection": "keep-alive",
  "user-agent": "Mozilla/5.0 (Macintosh; Intel Mac OS X 10_11_6) AppleWebKit/537.36 (KHTML, like Gecko) Chrome/63.0.3239.132 Safari/537.36",
  "upgrade-insecure-requests": "1",
  "accept": "text/html,application/xhtml+xml,application/xml;q=0.9,image/webp,image/apng,*/*;q=0.8",
  "accept-encoding": "gzip, deflate, br",
  "accept-language": "en-US,en;q=0.9"
}
COOKIES=> {}
BODY=> {}
------------------------------
Wed Jan 10 2018 11:45:19 AM
POST /login.html
HEADERS=> {
  "host": "localhost:8222",
  "connection": "keep-alive",
  "content-length": "29",
  "cache-control": "max-age=0",
  "origin": "http://localhost:8222",
  "upgrade-insecure-requests": "1",
  "content-type": "application/x-www-form-urlencoded",
  "user-agent": "Mozilla/5.0 (Macintosh; Intel Mac OS X 10_11_6) AppleWebKit/537.36 (KHTML, like Gecko) Chrome/63.0.3239.132 Safari/537.36",
  "accept": "text/html,application/xhtml+xml,application/xml;q=0.9,image/webp,image/apng,*/*;q=0.8",
  "referer": "http://localhost:8222/login.html",
  "accept-encoding": "gzip, deflate, br",
  "accept-language": "en-US,en;q=0.9"
}
COOKIES=> {}
BODY=> {
  "userName": "harshab",
  "place": "harvar"
}
------------------------------
Wed Jan 10 2018 11:45:19 AM
GET /guestbook.html
HEADERS=> {
  "host": "localhost:8222",
  "connection": "keep-alive",
  "cache-control": "max-age=0",
  "upgrade-insecure-requests": "1",
  "user-agent": "Mozilla/5.0 (Macintosh; Intel Mac OS X 10_11_6) AppleWebKit/537.36 (KHTML, like Gecko) Chrome/63.0.3239.132 Safari/537.36",
  "accept": "text/html,application/xhtml+xml,application/xml;q=0.9,image/webp,image/apng,*/*;q=0.8",
  "referer": "http://localhost:8222/login.html",
  "accept-encoding": "gzip, deflate, br",
  "accept-language": "en-US,en;q=0.9",
  "cookie": "sessionid=1515564919257 user=[object Object]"
}
COOKIES=> {
  "sessionid": "1515564919257 user"
}
BODY=> {}
------------------------------
Wed Jan 10 2018 11:46:21 AM
GET /login.html
HEADERS=> {
  "host": "localhost:8222",
  "connection": "keep-alive",
  "pragma": "no-cache",
  "cache-control": "no-cache",
  "upgrade-insecure-requests": "1",
  "user-agent": "Mozilla/5.0 (Macintosh; Intel Mac OS X 10_11_6) AppleWebKit/537.36 (KHTML, like Gecko) Chrome/63.0.3239.132 Safari/537.36",
  "accept": "text/html,application/xhtml+xml,application/xml;q=0.9,image/webp,image/apng,*/*;q=0.8",
  "accept-encoding": "gzip, deflate, br",
  "accept-language": "en-US,en;q=0.9",
  "cookie": "sessionid=1515564919257 user=[object Object]"
}
COOKIES=> {
  "sessionid": "1515564919257 user"
}
BODY=> {}
------------------------------
Wed Jan 10 2018 11:46:41 AM
GET /logout.html
HEADERS=> {
  "host": "localhost:8222",
  "connection": "keep-alive",
  "user-agent": "Mozilla/5.0 (Macintosh; Intel Mac OS X 10_11_6) AppleWebKit/537.36 (KHTML, like Gecko) Chrome/63.0.3239.132 Safari/537.36",
  "upgrade-insecure-requests": "1",
  "accept": "text/html,application/xhtml+xml,application/xml;q=0.9,image/webp,image/apng,*/*;q=0.8",
  "accept-encoding": "gzip, deflate, br",
  "accept-language": "en-US,en;q=0.9",
  "cookie": "sessionid=1515564919257 user=[object Object]"
}
COOKIES=> {
  "sessionid": "1515564919257 user"
}
BODY=> {}
------------------------------
Wed Jan 10 2018 11:46:41 AM
GET /login.html
HEADERS=> {
  "host": "localhost:8222",
  "connection": "keep-alive",
  "user-agent": "Mozilla/5.0 (Macintosh; Intel Mac OS X 10_11_6) AppleWebKit/537.36 (KHTML, like Gecko) Chrome/63.0.3239.132 Safari/537.36",
  "upgrade-insecure-requests": "1",
  "accept": "text/html,application/xhtml+xml,application/xml;q=0.9,image/webp,image/apng,*/*;q=0.8",
  "accept-encoding": "gzip, deflate, br",
  "accept-language": "en-US,en;q=0.9"
}
COOKIES=> {}
BODY=> {}
------------------------------
Wed Jan 10 2018 11:46:56 AM
POST /login.html
HEADERS=> {
  "host": "localhost:8222",
  "connection": "keep-alive",
  "content-length": "27",
  "cache-control": "max-age=0",
  "origin": "http://localhost:8222",
  "upgrade-insecure-requests": "1",
  "content-type": "application/x-www-form-urlencoded",
  "user-agent": "Mozilla/5.0 (Macintosh; Intel Mac OS X 10_11_6) AppleWebKit/537.36 (KHTML, like Gecko) Chrome/63.0.3239.132 Safari/537.36",
  "accept": "text/html,application/xhtml+xml,application/xml;q=0.9,image/webp,image/apng,*/*;q=0.8",
  "referer": "http://localhost:8222/login.html",
  "accept-encoding": "gzip, deflate, br",
  "accept-language": "en-US,en;q=0.9"
}
COOKIES=> {}
BODY=> {
  "userName": "harshab",
  "place": "nice"
}
------------------------------
Wed Jan 10 2018 11:46:56 AM
GET /guestbook.html
HEADERS=> {
  "host": "localhost:8222",
  "connection": "keep-alive",
  "cache-control": "max-age=0",
  "upgrade-insecure-requests": "1",
  "user-agent": "Mozilla/5.0 (Macintosh; Intel Mac OS X 10_11_6) AppleWebKit/537.36 (KHTML, like Gecko) Chrome/63.0.3239.132 Safari/537.36",
  "accept": "text/html,application/xhtml+xml,application/xml;q=0.9,image/webp,image/apng,*/*;q=0.8",
  "referer": "http://localhost:8222/login.html",
  "accept-encoding": "gzip, deflate, br",
  "accept-language": "en-US,en;q=0.9",
  "cookie": "sessionid=1515565016720 user=[object Object]"
}
COOKIES=> {
  "sessionid": "1515565016720 user"
}
BODY=> {}
------------------------------
Wed Jan 10 2018 11:47:54 AM
GET /index.html
HEADERS=> {
  "host": "localhost:8222",
  "connection": "keep-alive",
  "user-agent": "Mozilla/5.0 (Macintosh; Intel Mac OS X 10_11_6) AppleWebKit/537.36 (KHTML, like Gecko) Chrome/63.0.3239.132 Safari/537.36",
  "upgrade-insecure-requests": "1",
  "accept": "text/html,application/xhtml+xml,application/xml;q=0.9,image/webp,image/apng,*/*;q=0.8",
  "accept-encoding": "gzip, deflate, br",
  "accept-language": "en-US,en;q=0.9"
}
COOKIES=> {}
BODY=> {}
------------------------------
Wed Jan 10 2018 11:47:54 AM
GET /css/master.css
HEADERS=> {
  "host": "localhost:8222",
  "connection": "keep-alive",
  "user-agent": "Mozilla/5.0 (Macintosh; Intel Mac OS X 10_11_6) AppleWebKit/537.36 (KHTML, like Gecko) Chrome/63.0.3239.132 Safari/537.36",
  "accept": "text/css,*/*;q=0.1",
  "referer": "http://localhost:8222/index.html",
  "accept-encoding": "gzip, deflate, br",
  "accept-language": "en-US,en;q=0.9"
}
COOKIES=> {}
BODY=> {}
------------------------------
Wed Jan 10 2018 11:47:54 AM
GET /freshorigins.jpg
HEADERS=> {
  "host": "localhost:8222",
  "connection": "keep-alive",
  "user-agent": "Mozilla/5.0 (Macintosh; Intel Mac OS X 10_11_6) AppleWebKit/537.36 (KHTML, like Gecko) Chrome/63.0.3239.132 Safari/537.36",
  "accept": "image/webp,image/apng,image/*,*/*;q=0.8",
  "referer": "http://localhost:8222/index.html",
  "accept-encoding": "gzip, deflate, br",
  "accept-language": "en-US,en;q=0.9"
}
COOKIES=> {}
BODY=> {}
------------------------------
Wed Jan 10 2018 11:48:03 AM
GET /guestbook.html
HEADERS=> {
  "host": "localhost:8222",
  "connection": "keep-alive",
  "upgrade-insecure-requests": "1",
  "user-agent": "Mozilla/5.0 (Macintosh; Intel Mac OS X 10_11_6) AppleWebKit/537.36 (KHTML, like Gecko) Chrome/63.0.3239.132 Safari/537.36",
  "accept": "text/html,application/xhtml+xml,application/xml;q=0.9,image/webp,image/apng,*/*;q=0.8",
  "referer": "http://localhost:8222/index.html",
  "accept-encoding": "gzip, deflate, br",
  "accept-language": "en-US,en;q=0.9"
}
COOKIES=> {}
BODY=> {}
------------------------------
Wed Jan 10 2018 11:48:09 AM
GET /login.html
HEADERS=> {
  "host": "localhost:8222",
  "connection": "keep-alive",
  "user-agent": "Mozilla/5.0 (Macintosh; Intel Mac OS X 10_11_6) AppleWebKit/537.36 (KHTML, like Gecko) Chrome/63.0.3239.132 Safari/537.36",
  "upgrade-insecure-requests": "1",
  "accept": "text/html,application/xhtml+xml,application/xml;q=0.9,image/webp,image/apng,*/*;q=0.8",
  "accept-encoding": "gzip, deflate, br",
  "accept-language": "en-US,en;q=0.9"
}
COOKIES=> {}
BODY=> {}
------------------------------
Wed Jan 10 2018 11:48:21 AM
POST /login.html
HEADERS=> {
  "host": "localhost:8222",
  "connection": "keep-alive",
  "content-length": "29",
  "cache-control": "max-age=0",
  "origin": "http://localhost:8222",
  "upgrade-insecure-requests": "1",
  "content-type": "application/x-www-form-urlencoded",
  "user-agent": "Mozilla/5.0 (Macintosh; Intel Mac OS X 10_11_6) AppleWebKit/537.36 (KHTML, like Gecko) Chrome/63.0.3239.132 Safari/537.36",
  "accept": "text/html,application/xhtml+xml,application/xml;q=0.9,image/webp,image/apng,*/*;q=0.8",
  "referer": "http://localhost:8222/login.html",
  "accept-encoding": "gzip, deflate, br",
  "accept-language": "en-US,en;q=0.9"
}
COOKIES=> {}
BODY=> {
  "userName": "harshab",
  "place": "harvar"
}
------------------------------
Wed Jan 10 2018 11:48:21 AM
GET /guestbook.html
HEADERS=> {
  "host": "localhost:8222",
  "connection": "keep-alive",
  "cache-control": "max-age=0",
  "upgrade-insecure-requests": "1",
  "user-agent": "Mozilla/5.0 (Macintosh; Intel Mac OS X 10_11_6) AppleWebKit/537.36 (KHTML, like Gecko) Chrome/63.0.3239.132 Safari/537.36",
  "accept": "text/html,application/xhtml+xml,application/xml;q=0.9,image/webp,image/apng,*/*;q=0.8",
  "referer": "http://localhost:8222/login.html",
  "accept-encoding": "gzip, deflate, br",
  "accept-language": "en-US,en;q=0.9",
  "cookie": "sessionid=1515565101184"
}
COOKIES=> {
  "sessionid": "1515565101184"
}
BODY=> {}
------------------------------
Wed Jan 10 2018 11:48:33 AM
GET /logout.html
HEADERS=> {
  "host": "localhost:8222",
  "connection": "keep-alive",
  "user-agent": "Mozilla/5.0 (Macintosh; Intel Mac OS X 10_11_6) AppleWebKit/537.36 (KHTML, like Gecko) Chrome/63.0.3239.132 Safari/537.36",
  "upgrade-insecure-requests": "1",
  "accept": "text/html,application/xhtml+xml,application/xml;q=0.9,image/webp,image/apng,*/*;q=0.8",
  "accept-encoding": "gzip, deflate, br",
  "accept-language": "en-US,en;q=0.9",
  "cookie": "sessionid=1515565101184"
}
COOKIES=> {
  "sessionid": "1515565101184"
}
BODY=> {}
------------------------------
Wed Jan 10 2018 11:48:33 AM
GET /login.html
HEADERS=> {
  "host": "localhost:8222",
  "connection": "keep-alive",
  "user-agent": "Mozilla/5.0 (Macintosh; Intel Mac OS X 10_11_6) AppleWebKit/537.36 (KHTML, like Gecko) Chrome/63.0.3239.132 Safari/537.36",
  "upgrade-insecure-requests": "1",
  "accept": "text/html,application/xhtml+xml,application/xml;q=0.9,image/webp,image/apng,*/*;q=0.8",
  "accept-encoding": "gzip, deflate, br",
  "accept-language": "en-US,en;q=0.9"
}
COOKIES=> {}
BODY=> {}
------------------------------
Wed Jan 10 2018 11:54:48 AM
GET /index.html
HEADERS=> {
  "host": "localhost:8222",
  "connection": "keep-alive",
  "user-agent": "Mozilla/5.0 (Macintosh; Intel Mac OS X 10_11_6) AppleWebKit/537.36 (KHTML, like Gecko) Chrome/63.0.3239.132 Safari/537.36",
  "upgrade-insecure-requests": "1",
  "accept": "text/html,application/xhtml+xml,application/xml;q=0.9,image/webp,image/apng,*/*;q=0.8",
  "accept-encoding": "gzip, deflate, br",
  "accept-language": "en-US,en;q=0.9"
}
COOKIES=> {}
BODY=> {}
------------------------------
Wed Jan 10 2018 11:54:48 AM
GET /css/master.css
HEADERS=> {
  "host": "localhost:8222",
  "connection": "keep-alive",
  "user-agent": "Mozilla/5.0 (Macintosh; Intel Mac OS X 10_11_6) AppleWebKit/537.36 (KHTML, like Gecko) Chrome/63.0.3239.132 Safari/537.36",
  "accept": "text/css,*/*;q=0.1",
  "referer": "http://localhost:8222/index.html",
  "accept-encoding": "gzip, deflate, br",
  "accept-language": "en-US,en;q=0.9"
}
COOKIES=> {}
BODY=> {}
------------------------------
Wed Jan 10 2018 11:54:48 AM
GET /freshorigins.jpg
HEADERS=> {
  "host": "localhost:8222",
  "connection": "keep-alive",
  "user-agent": "Mozilla/5.0 (Macintosh; Intel Mac OS X 10_11_6) AppleWebKit/537.36 (KHTML, like Gecko) Chrome/63.0.3239.132 Safari/537.36",
  "accept": "image/webp,image/apng,image/*,*/*;q=0.8",
  "referer": "http://localhost:8222/index.html",
  "accept-encoding": "gzip, deflate, br",
  "accept-language": "en-US,en;q=0.9"
}
COOKIES=> {}
BODY=> {}
------------------------------
Wed Jan 10 2018 11:56:27 AM
GET /login.html
HEADERS=> {
  "host": "localhost:8222",
  "connection": "keep-alive",
  "user-agent": "Mozilla/5.0 (Macintosh; Intel Mac OS X 10_11_6) AppleWebKit/537.36 (KHTML, like Gecko) Chrome/63.0.3239.132 Safari/537.36",
  "upgrade-insecure-requests": "1",
  "accept": "text/html,application/xhtml+xml,application/xml;q=0.9,image/webp,image/apng,*/*;q=0.8",
  "accept-encoding": "gzip, deflate, br",
  "accept-language": "en-US,en;q=0.9"
}
COOKIES=> {}
BODY=> {}
------------------------------
Wed Jan 10 2018 11:56:52 AM
POST /login.html
HEADERS=> {
  "host": "localhost:8222",
  "connection": "keep-alive",
  "content-length": "29",
  "cache-control": "max-age=0",
  "origin": "http://localhost:8222",
  "upgrade-insecure-requests": "1",
  "content-type": "application/x-www-form-urlencoded",
  "user-agent": "Mozilla/5.0 (Macintosh; Intel Mac OS X 10_11_6) AppleWebKit/537.36 (KHTML, like Gecko) Chrome/63.0.3239.132 Safari/537.36",
  "accept": "text/html,application/xhtml+xml,application/xml;q=0.9,image/webp,image/apng,*/*;q=0.8",
  "referer": "http://localhost:8222/login.html",
  "accept-encoding": "gzip, deflate, br",
  "accept-language": "en-US,en;q=0.9"
}
COOKIES=> {}
BODY=> {
  "userName": "harshab",
  "place": "HarVar"
}
------------------------------
Wed Jan 10 2018 11:56:52 AM
GET /guestbook.html
HEADERS=> {
  "host": "localhost:8222",
  "connection": "keep-alive",
  "cache-control": "max-age=0",
  "upgrade-insecure-requests": "1",
  "user-agent": "Mozilla/5.0 (Macintosh; Intel Mac OS X 10_11_6) AppleWebKit/537.36 (KHTML, like Gecko) Chrome/63.0.3239.132 Safari/537.36",
  "accept": "text/html,application/xhtml+xml,application/xml;q=0.9,image/webp,image/apng,*/*;q=0.8",
  "referer": "http://localhost:8222/login.html",
  "accept-encoding": "gzip, deflate, br",
  "accept-language": "en-US,en;q=0.9",
  "cookie": "sessionid=1515565612831"
}
COOKIES=> {
  "sessionid": "1515565612831"
}
BODY=> {}
------------------------------
Wed Jan 10 2018 11:58:01 AM
GET /guestbook.html
HEADERS=> {
  "host": "localhost:8222",
  "connection": "keep-alive",
  "pragma": "no-cache",
  "cache-control": "no-cache",
  "upgrade-insecure-requests": "1",
  "user-agent": "Mozilla/5.0 (Macintosh; Intel Mac OS X 10_11_6) AppleWebKit/537.36 (KHTML, like Gecko) Chrome/63.0.3239.132 Safari/537.36",
  "accept": "text/html,application/xhtml+xml,application/xml;q=0.9,image/webp,image/apng,*/*;q=0.8",
  "referer": "http://localhost:8222/login.html",
  "accept-encoding": "gzip, deflate, br",
  "accept-language": "en-US,en;q=0.9",
  "cookie": "sessionid=1515565612831"
}
COOKIES=> {
  "sessionid": "1515565612831"
}
BODY=> {}
------------------------------
Wed Jan 10 2018 11:58:09 AM
GET /login.html
HEADERS=> {
  "host": "localhost:8222",
  "connection": "keep-alive",
  "user-agent": "Mozilla/5.0 (Macintosh; Intel Mac OS X 10_11_6) AppleWebKit/537.36 (KHTML, like Gecko) Chrome/63.0.3239.132 Safari/537.36",
  "upgrade-insecure-requests": "1",
  "accept": "text/html,application/xhtml+xml,application/xml;q=0.9,image/webp,image/apng,*/*;q=0.8",
  "accept-encoding": "gzip, deflate, br",
  "accept-language": "en-US,en;q=0.9",
  "cookie": "sessionid=1515565612831"
}
COOKIES=> {
  "sessionid": "1515565612831"
}
BODY=> {}
------------------------------
Wed Jan 10 2018 11:58:11 AM
POST /login.html
HEADERS=> {
  "host": "localhost:8222",
  "connection": "keep-alive",
  "content-length": "29",
  "cache-control": "max-age=0",
  "origin": "http://localhost:8222",
  "upgrade-insecure-requests": "1",
  "content-type": "application/x-www-form-urlencoded",
  "user-agent": "Mozilla/5.0 (Macintosh; Intel Mac OS X 10_11_6) AppleWebKit/537.36 (KHTML, like Gecko) Chrome/63.0.3239.132 Safari/537.36",
  "accept": "text/html,application/xhtml+xml,application/xml;q=0.9,image/webp,image/apng,*/*;q=0.8",
  "referer": "http://localhost:8222/login.html",
  "accept-encoding": "gzip, deflate, br",
  "accept-language": "en-US,en;q=0.9",
  "cookie": "sessionid=1515565612831"
}
COOKIES=> {
  "sessionid": "1515565612831"
}
BODY=> {
  "userName": "harshab",
  "place": "HarVar"
}
------------------------------
Wed Jan 10 2018 11:58:11 AM
GET /guestbook.html
HEADERS=> {
  "host": "localhost:8222",
  "connection": "keep-alive",
  "cache-control": "max-age=0",
  "upgrade-insecure-requests": "1",
  "user-agent": "Mozilla/5.0 (Macintosh; Intel Mac OS X 10_11_6) AppleWebKit/537.36 (KHTML, like Gecko) Chrome/63.0.3239.132 Safari/537.36",
  "accept": "text/html,application/xhtml+xml,application/xml;q=0.9,image/webp,image/apng,*/*;q=0.8",
  "referer": "http://localhost:8222/login.html",
  "accept-encoding": "gzip, deflate, br",
  "accept-language": "en-US,en;q=0.9",
  "cookie": "sessionid=1515565691694"
}
COOKIES=> {
  "sessionid": "1515565691694"
}
BODY=> {}
------------------------------
Wed Jan 10 2018 11:58:36 AM
POST /guestbook.html
HEADERS=> {
  "host": "localhost:8222",
  "connection": "keep-alive",
  "content-length": "28",
  "cache-control": "max-age=0",
  "origin": "http://localhost:8222",
  "upgrade-insecure-requests": "1",
  "content-type": "application/x-www-form-urlencoded",
  "user-agent": "Mozilla/5.0 (Macintosh; Intel Mac OS X 10_11_6) AppleWebKit/537.36 (KHTML, like Gecko) Chrome/63.0.3239.132 Safari/537.36",
  "accept": "text/html,application/xhtml+xml,application/xml;q=0.9,image/webp,image/apng,*/*;q=0.8",
  "referer": "http://localhost:8222/guestbook.html",
  "accept-encoding": "gzip, deflate, br",
  "accept-language": "en-US,en;q=0.9",
  "cookie": "sessionid=1515565691694"
}
COOKIES=> {
  "sessionid": "1515565691694"
}
BODY=> {
  "username": "HarVar",
  "comment": "nice"
}
------------------------------
Wed Jan 10 2018 12:14:23 PM
GET /logon.html
HEADERS=> {
  "host": "localhost:8222",
  "connection": "keep-alive",
  "user-agent": "Mozilla/5.0 (Macintosh; Intel Mac OS X 10_11_6) AppleWebKit/537.36 (KHTML, like Gecko) Chrome/63.0.3239.132 Safari/537.36",
  "upgrade-insecure-requests": "1",
  "accept": "text/html,application/xhtml+xml,application/xml;q=0.9,image/webp,image/apng,*/*;q=0.8",
  "accept-encoding": "gzip, deflate, br",
  "accept-language": "en-US,en;q=0.9",
  "cookie": "sessionid=1515565691694"
}
COOKIES=> {
  "sessionid": "1515565691694"
}
BODY=> {}
------------------------------
Wed Jan 10 2018 12:14:29 PM
GET /logout.html
HEADERS=> {
  "host": "localhost:8222",
  "connection": "keep-alive",
  "user-agent": "Mozilla/5.0 (Macintosh; Intel Mac OS X 10_11_6) AppleWebKit/537.36 (KHTML, like Gecko) Chrome/63.0.3239.132 Safari/537.36",
  "upgrade-insecure-requests": "1",
  "accept": "text/html,application/xhtml+xml,application/xml;q=0.9,image/webp,image/apng,*/*;q=0.8",
  "accept-encoding": "gzip, deflate, br",
  "accept-language": "en-US,en;q=0.9",
  "cookie": "sessionid=1515565691694"
}
COOKIES=> {
  "sessionid": "1515565691694"
}
BODY=> {}
------------------------------
Wed Jan 10 2018 12:14:29 PM
GET /login.html
HEADERS=> {
  "host": "localhost:8222",
  "connection": "keep-alive",
  "user-agent": "Mozilla/5.0 (Macintosh; Intel Mac OS X 10_11_6) AppleWebKit/537.36 (KHTML, like Gecko) Chrome/63.0.3239.132 Safari/537.36",
  "upgrade-insecure-requests": "1",
  "accept": "text/html,application/xhtml+xml,application/xml;q=0.9,image/webp,image/apng,*/*;q=0.8",
  "accept-encoding": "gzip, deflate, br",
  "accept-language": "en-US,en;q=0.9"
}
COOKIES=> {}
BODY=> {}
------------------------------
Wed Jan 10 2018 12:14:43 PM
POST /login.html
HEADERS=> {
  "host": "localhost:8222",
  "connection": "keep-alive",
  "content-length": "29",
  "cache-control": "max-age=0",
  "origin": "http://localhost:8222",
  "upgrade-insecure-requests": "1",
  "content-type": "application/x-www-form-urlencoded",
  "user-agent": "Mozilla/5.0 (Macintosh; Intel Mac OS X 10_11_6) AppleWebKit/537.36 (KHTML, like Gecko) Chrome/63.0.3239.132 Safari/537.36",
  "accept": "text/html,application/xhtml+xml,application/xml;q=0.9,image/webp,image/apng,*/*;q=0.8",
  "referer": "http://localhost:8222/login.html",
  "accept-encoding": "gzip, deflate, br",
  "accept-language": "en-US,en;q=0.9"
}
COOKIES=> {}
BODY=> {
  "userName": "harshab",
  "place": "HarVar"
}
------------------------------
Wed Jan 10 2018 12:14:43 PM
GET /guestbook.html
HEADERS=> {
  "host": "localhost:8222",
  "connection": "keep-alive",
  "cache-control": "max-age=0",
  "upgrade-insecure-requests": "1",
  "user-agent": "Mozilla/5.0 (Macintosh; Intel Mac OS X 10_11_6) AppleWebKit/537.36 (KHTML, like Gecko) Chrome/63.0.3239.132 Safari/537.36",
  "accept": "text/html,application/xhtml+xml,application/xml;q=0.9,image/webp,image/apng,*/*;q=0.8",
  "referer": "http://localhost:8222/login.html",
  "accept-encoding": "gzip, deflate, br",
  "accept-language": "en-US,en;q=0.9",
  "cookie": "sessionid=1515566683341"
}
COOKIES=> {
  "sessionid": "1515566683341"
}
BODY=> {}
------------------------------
Wed Jan 10 2018 12:14:52 PM
POST /guestbook.html
HEADERS=> {
  "host": "localhost:8222",
  "connection": "keep-alive",
  "content-length": "30",
  "cache-control": "max-age=0",
  "origin": "http://localhost:8222",
  "upgrade-insecure-requests": "1",
  "content-type": "application/x-www-form-urlencoded",
  "user-agent": "Mozilla/5.0 (Macintosh; Intel Mac OS X 10_11_6) AppleWebKit/537.36 (KHTML, like Gecko) Chrome/63.0.3239.132 Safari/537.36",
  "accept": "text/html,application/xhtml+xml,application/xml;q=0.9,image/webp,image/apng,*/*;q=0.8",
  "referer": "http://localhost:8222/guestbook.html",
  "accept-encoding": "gzip, deflate, br",
  "accept-language": "en-US,en;q=0.9",
  "cookie": "sessionid=1515566683341"
}
COOKIES=> {
  "sessionid": "1515566683341"
}
BODY=> {
  "username": "harshab",
  "comment": "test1"
}
------------------------------
Wed Jan 10 2018 12:14:52 PM
GET /guestbook.html
HEADERS=> {
  "host": "localhost:8222",
  "connection": "keep-alive",
  "cache-control": "max-age=0",
  "upgrade-insecure-requests": "1",
  "user-agent": "Mozilla/5.0 (Macintosh; Intel Mac OS X 10_11_6) AppleWebKit/537.36 (KHTML, like Gecko) Chrome/63.0.3239.132 Safari/537.36",
  "accept": "text/html,application/xhtml+xml,application/xml;q=0.9,image/webp,image/apng,*/*;q=0.8",
  "referer": "http://localhost:8222/guestbook.html",
  "accept-encoding": "gzip, deflate, br",
  "accept-language": "en-US,en;q=0.9",
  "cookie": "sessionid=1515566683341"
}
COOKIES=> {
  "sessionid": "1515566683341"
}
BODY=> {}
------------------------------
Wed Jan 10 2018 12:15:16 PM
GET /logout.html
HEADERS=> {
  "host": "localhost:8222",
  "connection": "keep-alive",
  "user-agent": "Mozilla/5.0 (Macintosh; Intel Mac OS X 10_11_6) AppleWebKit/537.36 (KHTML, like Gecko) Chrome/63.0.3239.132 Safari/537.36",
  "upgrade-insecure-requests": "1",
  "accept": "text/html,application/xhtml+xml,application/xml;q=0.9,image/webp,image/apng,*/*;q=0.8",
  "accept-encoding": "gzip, deflate, br",
  "accept-language": "en-US,en;q=0.9",
  "cookie": "sessionid=1515566683341"
}
COOKIES=> {
  "sessionid": "1515566683341"
}
BODY=> {}
------------------------------
Wed Jan 10 2018 12:15:16 PM
GET /login.html
HEADERS=> {
  "host": "localhost:8222",
  "connection": "keep-alive",
  "user-agent": "Mozilla/5.0 (Macintosh; Intel Mac OS X 10_11_6) AppleWebKit/537.36 (KHTML, like Gecko) Chrome/63.0.3239.132 Safari/537.36",
  "upgrade-insecure-requests": "1",
  "accept": "text/html,application/xhtml+xml,application/xml;q=0.9,image/webp,image/apng,*/*;q=0.8",
  "accept-encoding": "gzip, deflate, br",
  "accept-language": "en-US,en;q=0.9"
}
COOKIES=> {}
BODY=> {}
------------------------------
Wed Jan 10 2018 12:15:25 PM
GET /guestbook.html
HEADERS=> {
  "host": "localhost:8222",
  "connection": "keep-alive",
  "user-agent": "Mozilla/5.0 (Macintosh; Intel Mac OS X 10_11_6) AppleWebKit/537.36 (KHTML, like Gecko) Chrome/63.0.3239.132 Safari/537.36",
  "upgrade-insecure-requests": "1",
  "accept": "text/html,application/xhtml+xml,application/xml;q=0.9,image/webp,image/apng,*/*;q=0.8",
  "accept-encoding": "gzip, deflate, br",
  "accept-language": "en-US,en;q=0.9"
}
COOKIES=> {}
BODY=> {}
------------------------------
Wed Jan 10 2018 12:16:50 PM
POST /guestbook.html
HEADERS=> {
  "host": "localhost:8222",
  "connection": "keep-alive",
  "content-length": "48",
  "cache-control": "max-age=0",
  "origin": "http://localhost:8222",
  "upgrade-insecure-requests": "1",
  "content-type": "application/x-www-form-urlencoded",
  "user-agent": "Mozilla/5.0 (Macintosh; Intel Mac OS X 10_11_6) AppleWebKit/537.36 (KHTML, like Gecko) Chrome/63.0.3239.132 Safari/537.36",
  "accept": "text/html,application/xhtml+xml,application/xml;q=0.9,image/webp,image/apng,*/*;q=0.8",
  "referer": "http://localhost:8222/guestbook.html",
  "accept-encoding": "gzip, deflate, br",
  "accept-language": "en-US,en;q=0.9"
}
COOKIES=> {}
BODY=> {
  "username": "harshab",
  "comment": "testing+when+logged+out"
}
------------------------------
Wed Jan 10 2018 12:16:50 PM
GET /guestbook.html
HEADERS=> {
  "host": "localhost:8222",
  "connection": "keep-alive",
  "cache-control": "max-age=0",
  "upgrade-insecure-requests": "1",
  "user-agent": "Mozilla/5.0 (Macintosh; Intel Mac OS X 10_11_6) AppleWebKit/537.36 (KHTML, like Gecko) Chrome/63.0.3239.132 Safari/537.36",
  "accept": "text/html,application/xhtml+xml,application/xml;q=0.9,image/webp,image/apng,*/*;q=0.8",
  "referer": "http://localhost:8222/guestbook.html",
  "accept-encoding": "gzip, deflate, br",
  "accept-language": "en-US,en;q=0.9"
}
COOKIES=> {}
BODY=> {}
------------------------------
Wed Jan 10 2018 12:17:49 PM
GET /logout.html
HEADERS=> {
  "host": "localhost:8222",
  "connection": "keep-alive",
  "user-agent": "Mozilla/5.0 (Macintosh; Intel Mac OS X 10_11_6) AppleWebKit/537.36 (KHTML, like Gecko) Chrome/63.0.3239.132 Safari/537.36",
  "upgrade-insecure-requests": "1",
  "accept": "text/html,application/xhtml+xml,application/xml;q=0.9,image/webp,image/apng,*/*;q=0.8",
  "accept-encoding": "gzip, deflate, br",
  "accept-language": "en-US,en;q=0.9"
}
COOKIES=> {}
BODY=> {}
------------------------------
Wed Jan 10 2018 12:17:49 PM
GET /login.html
HEADERS=> {
  "host": "localhost:8222",
  "connection": "keep-alive",
  "user-agent": "Mozilla/5.0 (Macintosh; Intel Mac OS X 10_11_6) AppleWebKit/537.36 (KHTML, like Gecko) Chrome/63.0.3239.132 Safari/537.36",
  "upgrade-insecure-requests": "1",
  "accept": "text/html,application/xhtml+xml,application/xml;q=0.9,image/webp,image/apng,*/*;q=0.8",
  "accept-encoding": "gzip, deflate, br",
  "accept-language": "en-US,en;q=0.9"
}
COOKIES=> {}
BODY=> {}
------------------------------
Wed Jan 10 2018 12:17:56 PM
GET /guestbook.html
HEADERS=> {
  "host": "localhost:8222",
  "connection": "keep-alive",
  "user-agent": "Mozilla/5.0 (Macintosh; Intel Mac OS X 10_11_6) AppleWebKit/537.36 (KHTML, like Gecko) Chrome/63.0.3239.132 Safari/537.36",
  "upgrade-insecure-requests": "1",
  "accept": "text/html,application/xhtml+xml,application/xml;q=0.9,image/webp,image/apng,*/*;q=0.8",
  "accept-encoding": "gzip, deflate, br",
  "accept-language": "en-US,en;q=0.9"
}
COOKIES=> {}
BODY=> {}
------------------------------
Wed Jan 10 2018 12:18:58 PM
GET /guestbook.html
HEADERS=> {
  "host": "localhost:8222",
  "connection": "keep-alive",
  "user-agent": "Mozilla/5.0 (Macintosh; Intel Mac OS X 10_11_6) AppleWebKit/537.36 (KHTML, like Gecko) Chrome/63.0.3239.132 Safari/537.36",
  "upgrade-insecure-requests": "1",
  "accept": "text/html,application/xhtml+xml,application/xml;q=0.9,image/webp,image/apng,*/*;q=0.8",
  "accept-encoding": "gzip, deflate, br",
  "accept-language": "en-US,en;q=0.9"
}
COOKIES=> {}
BODY=> {}
------------------------------
Wed Jan 10 2018 12:19:05 PM
POST /guestbook.html
HEADERS=> {
  "host": "localhost:8222",
  "connection": "keep-alive",
  "content-length": "31",
  "cache-control": "max-age=0",
  "origin": "http://localhost:8222",
  "upgrade-insecure-requests": "1",
  "content-type": "application/x-www-form-urlencoded",
  "user-agent": "Mozilla/5.0 (Macintosh; Intel Mac OS X 10_11_6) AppleWebKit/537.36 (KHTML, like Gecko) Chrome/63.0.3239.132 Safari/537.36",
  "accept": "text/html,application/xhtml+xml,application/xml;q=0.9,image/webp,image/apng,*/*;q=0.8",
  "referer": "http://localhost:8222/guestbook.html",
  "accept-encoding": "gzip, deflate, br",
  "accept-language": "en-US,en;q=0.9"
}
COOKIES=> {}
BODY=> {
  "username": "harshab",
  "comment": "harvar"
}
------------------------------
Wed Jan 10 2018 12:19:05 PM
GET /guestbook.html
HEADERS=> {
  "host": "localhost:8222",
  "connection": "keep-alive",
  "cache-control": "max-age=0",
  "upgrade-insecure-requests": "1",
  "user-agent": "Mozilla/5.0 (Macintosh; Intel Mac OS X 10_11_6) AppleWebKit/537.36 (KHTML, like Gecko) Chrome/63.0.3239.132 Safari/537.36",
  "accept": "text/html,application/xhtml+xml,application/xml;q=0.9,image/webp,image/apng,*/*;q=0.8",
  "referer": "http://localhost:8222/guestbook.html",
  "accept-encoding": "gzip, deflate, br",
  "accept-language": "en-US,en;q=0.9"
}
COOKIES=> {}
BODY=> {}
------------------------------
Wed Jan 10 2018 12:28:48 PM
GET /login.html
HEADERS=> {
  "host": "localhost:8222",
  "connection": "keep-alive",
  "user-agent": "Mozilla/5.0 (Macintosh; Intel Mac OS X 10_11_6) AppleWebKit/537.36 (KHTML, like Gecko) Chrome/63.0.3239.132 Safari/537.36",
  "upgrade-insecure-requests": "1",
  "accept": "text/html,application/xhtml+xml,application/xml;q=0.9,image/webp,image/apng,*/*;q=0.8",
  "accept-encoding": "gzip, deflate, br",
  "accept-language": "en-US,en;q=0.9"
}
COOKIES=> {}
BODY=> {}
------------------------------
Wed Jan 10 2018 12:30:00 PM
GET /login.html
HEADERS=> {
  "host": "localhost:8222",
  "connection": "keep-alive",
  "pragma": "no-cache",
  "cache-control": "no-cache",
  "upgrade-insecure-requests": "1",
  "user-agent": "Mozilla/5.0 (Macintosh; Intel Mac OS X 10_11_6) AppleWebKit/537.36 (KHTML, like Gecko) Chrome/63.0.3239.132 Safari/537.36",
  "accept": "text/html,application/xhtml+xml,application/xml;q=0.9,image/webp,image/apng,*/*;q=0.8",
  "accept-encoding": "gzip, deflate, br",
  "accept-language": "en-US,en;q=0.9"
}
COOKIES=> {}
BODY=> {}
------------------------------
Wed Jan 10 2018 12:31:57 PM
GET /login.html
HEADERS=> {
  "host": "localhost:8222",
  "connection": "keep-alive",
  "pragma": "no-cache",
  "cache-control": "no-cache",
  "upgrade-insecure-requests": "1",
  "user-agent": "Mozilla/5.0 (Macintosh; Intel Mac OS X 10_11_6) AppleWebKit/537.36 (KHTML, like Gecko) Chrome/63.0.3239.132 Safari/537.36",
  "accept": "text/html,application/xhtml+xml,application/xml;q=0.9,image/webp,image/apng,*/*;q=0.8",
  "accept-encoding": "gzip, deflate, br",
  "accept-language": "en-US,en;q=0.9"
}
COOKIES=> {}
BODY=> {}
------------------------------
Wed Jan 10 2018 12:32:31 PM
POST /login.html
HEADERS=> {
  "host": "localhost:8222",
  "connection": "keep-alive",
  "content-length": "34",
  "cache-control": "max-age=0",
  "origin": "http://localhost:8222",
  "upgrade-insecure-requests": "1",
  "content-type": "application/x-www-form-urlencoded",
  "user-agent": "Mozilla/5.0 (Macintosh; Intel Mac OS X 10_11_6) AppleWebKit/537.36 (KHTML, like Gecko) Chrome/63.0.3239.132 Safari/537.36",
  "accept": "text/html,application/xhtml+xml,application/xml;q=0.9,image/webp,image/apng,*/*;q=0.8",
  "referer": "http://localhost:8222/login.html",
  "accept-encoding": "gzip, deflate, br",
  "accept-language": "en-US,en;q=0.9"
}
COOKIES=> {}
BODY=> {
  "userName": "harshab",
  "place": "koramangala"
}
------------------------------
Wed Jan 10 2018 12:32:31 PM
GET /guestbook.html
HEADERS=> {
  "host": "localhost:8222",
  "connection": "keep-alive",
  "cache-control": "max-age=0",
  "upgrade-insecure-requests": "1",
  "user-agent": "Mozilla/5.0 (Macintosh; Intel Mac OS X 10_11_6) AppleWebKit/537.36 (KHTML, like Gecko) Chrome/63.0.3239.132 Safari/537.36",
  "accept": "text/html,application/xhtml+xml,application/xml;q=0.9,image/webp,image/apng,*/*;q=0.8",
  "referer": "http://localhost:8222/login.html",
  "accept-encoding": "gzip, deflate, br",
  "accept-language": "en-US,en;q=0.9",
  "cookie": "sessionid=1515567751352"
}
COOKIES=> {
  "sessionid": "1515567751352"
}
BODY=> {}
------------------------------
Wed Jan 10 2018 12:32:54 PM
POST /guestbook.html
HEADERS=> {
  "host": "localhost:8222",
  "connection": "keep-alive",
  "content-length": "56",
  "cache-control": "max-age=0",
  "origin": "http://localhost:8222",
  "upgrade-insecure-requests": "1",
  "content-type": "application/x-www-form-urlencoded",
  "user-agent": "Mozilla/5.0 (Macintosh; Intel Mac OS X 10_11_6) AppleWebKit/537.36 (KHTML, like Gecko) Chrome/63.0.3239.132 Safari/537.36",
  "accept": "text/html,application/xhtml+xml,application/xml;q=0.9,image/webp,image/apng,*/*;q=0.8",
  "referer": "http://localhost:8222/guestbook.html",
  "accept-encoding": "gzip, deflate, br",
  "accept-language": "en-US,en;q=0.9",
  "cookie": "sessionid=1515567751352"
}
COOKIES=> {
  "sessionid": "1515567751352"
}
BODY=> {
  "username": "HarVar",
  "comment": "testing+with+a+successful+login."
}
------------------------------
Wed Jan 10 2018 12:32:54 PM
GET /guestbook.html
HEADERS=> {
  "host": "localhost:8222",
  "connection": "keep-alive",
  "cache-control": "max-age=0",
  "upgrade-insecure-requests": "1",
  "user-agent": "Mozilla/5.0 (Macintosh; Intel Mac OS X 10_11_6) AppleWebKit/537.36 (KHTML, like Gecko) Chrome/63.0.3239.132 Safari/537.36",
  "accept": "text/html,application/xhtml+xml,application/xml;q=0.9,image/webp,image/apng,*/*;q=0.8",
  "referer": "http://localhost:8222/guestbook.html",
  "accept-encoding": "gzip, deflate, br",
  "accept-language": "en-US,en;q=0.9",
  "cookie": "sessionid=1515567751352"
}
COOKIES=> {
  "sessionid": "1515567751352"
}
BODY=> {}
